2026-02-13 22:32:08,295 Main script starting...
2026-02-13 22:32:08,356 Initializing App
2026-02-13 22:43:25,938 Main script starting...
2026-02-13 22:43:35,089 Main script starting...
2026-02-13 22:43:35,162 Initializing App
2026-02-13 22:43:35,163 Starting Ctrl+AI Listener...
2026-02-13 22:47:14,216 Main script starting...
2026-02-13 22:47:14,301 GUI Import failed: No module named 'tkinter'
2026-02-13 22:47:14,302 Initializing App
2026-02-13 22:47:14,302 Starting Hotkey Listener...
2026-02-13 22:51:17,710 Main script starting...
2026-02-13 22:51:17,877 Initializing App
2026-02-13 22:51:18,267 Starting Hotkey Listener...
2026-02-13 22:52:40,699 Main script starting...
2026-02-13 22:52:40,838 Initializing App
2026-02-13 22:52:41,142 Starting Hotkey Listener...
2026-02-13 22:53:32,728 Main script starting...
2026-02-13 22:53:32,809 Initializing App
2026-02-13 22:53:33,036 Starting Hotkey Listener...
2026-02-13 22:55:39,338 Main script starting...
2026-02-13 22:55:39,475 Initializing App
2026-02-13 22:55:39,761 Starting Hotkey Listener...
